<?xml version="1.0" encoding="UTF-8"?>
<!-- Generated by org.testng.reporters.JUnitXMLReporter -->
<testsuite hostname="DESKTOP-H1S9C19" ignored="0" name="Test" tests="4" failures="1" timestamp="12 Oct 2018 21:46:05 GMT" time="72.207" errors="0">
  <testcase name="ohrmloginTest" time="10.288" classname="com.amazon.scripts.OHRMloginTest">
    <skipped/>
  </testcase> <!-- ohrmloginTest -->
  <testcase name="ohrmloginTest" time="9.628" classname="com.amazon.scripts.OHRMloginTest">
    <skipped/>
  </testcase> <!-- ohrmloginTest -->
  <testcase name="ohrmloginTest" time="9.294" classname="com.amazon.scripts.OHRMloginTest">
    <skipped/>
  </testcase> <!-- ohrmloginTest -->
  <testcase name="ohrmloginTest" time="9.514" classname="com.amazon.scripts.OHRMloginTest">
    <failure type="java.lang.AssertionError" message="null">
      <![CDATA[java.lang.AssertionError: null
at com.amazon.scripts.OHRMloginTest.ohrmloginTest(OHRMloginTest.java:25)
... Removed 27 stack frames]]>
    </failure>
  </testcase> <!-- ohrmloginTest -->
</testsuite> <!-- Test -->
