<?xml version="1.0" encoding="UTF-8"?>
<testng-results skipped="3" failed="1" ignored="0" total="4" passed="0">
  <reporter-output>
    <line>
      <![CDATA[Executing 'ohrmloginTest'....]]>
    </line>
    <line>
      <![CDATA['ohrmloginTest' is Skipped]]>
    </line>
    <line>
      <![CDATA[Executing 'ohrmloginTest'....]]>
    </line>
    <line>
      <![CDATA['ohrmloginTest' is Skipped]]>
    </line>
    <line>
      <![CDATA[Executing 'ohrmloginTest'....]]>
    </line>
    <line>
      <![CDATA['ohrmloginTest' is Skipped]]>
    </line>
    <line>
      <![CDATA[Executing 'ohrmloginTest'....]]>
    </line>
    <line>
      <![CDATA['ohrmloginTest' is Failed]]>
    </line>
  </reporter-output>
  <suite name="Suite" duration-ms="72207" started-at="2018-10-12T21:44:52Z" finished-at="2018-10-12T21:46:04Z">
    <groups>
    </groups>
    <test name="Test" duration-ms="72207" started-at="2018-10-12T21:44:52Z" finished-at="2018-10-12T21:46:04Z">
      <class name="com.amazon.scripts.OHRMloginTest">
        <test-method status="PASS" signature="initialisation()[pri:0, instance:com.amazon.scripts.OHRMloginTest@f75083]" name="initialisation" is-config="true" duration-ms="531" started-at="2018-10-12T21:44:52Z" finished-at="2018-10-12T21:44:52Z">
          <reporter-output>
          </reporter-output>
        </test-method> <!-- initialisation -->
        <test-method status="PASS" signature="preCondition(java.lang.reflect.Method, org.testng.xml.XmlTest)[pri:0, instance:com.amazon.scripts.OHRMloginTest@f75083]" name="preCondition" is-config="true" duration-ms="10966" started-at="2018-10-12T21:44:52Z" finished-at="2018-10-12T21:45:03Z">
          <params>
            <param index="0">
              <value>
                <![CDATA[public void com.amazon.scripts.OHRMloginTest.ohrmloginTest()]]>
              </value>
            </param>
            <param index="1">
              <value>
                <![CDATA[org.testng.xml.XmlTest@28f90a71]]>
              </value>
            </param>
          </params>
          <reporter-output>
          </reporter-output>
        </test-method> <!-- preCondition -->
        <test-method status="SKIP" signature="ohrmloginTest()[pri:0, instance:com.amazon.scripts.OHRMloginTest@f75083]" name="ohrmloginTest" duration-ms="10288" started-at="2018-10-12T21:45:03Z" finished-at="2018-10-12T21:45:14Z">
          <exception class="java.lang.AssertionError">
            <message>
              <![CDATA[null]]>
            </message>
            <full-stacktrace>
              <![CDATA[java.lang.AssertionError: null
at org.testng.Assert.fail(Assert.java:96)
at org.testng.Assert.fail(Assert.java:103)
at com.amazon.scripts.OHRMloginTest.ohrmloginTest(OHRMloginTest.java:25)
at sun.reflect.NativeMethodAccessorImpl.invoke0(Native Method)
at sun.reflect.NativeMethodAccessorImpl.invoke(NativeMethodAccessorImpl.java:62)
at sun.reflect.DelegatingMethodAccessorImpl.invoke(DelegatingMethodAccessorImpl.java:43)
at java.lang.reflect.Method.invoke(Method.java:498)
at org.testng.internal.MethodInvocationHelper.invokeMethod(MethodInvocationHelper.java:124)
at org.testng.internal.Invoker.invokeMethod(Invoker.java:583)
at org.testng.internal.Invoker.invokeTestMethod(Invoker.java:719)
at org.testng.internal.Invoker.invokeTestMethods(Invoker.java:989)
at org.testng.internal.TestMethodWorker.invokeTestMethods(TestMethodWorker.java:125)
at org.testng.internal.TestMethodWorker.run(TestMethodWorker.java:109)
at org.testng.TestRunner.privateRun(TestRunner.java:648)
at org.testng.TestRunner.run(TestRunner.java:505)
at org.testng.SuiteRunner.runTest(SuiteRunner.java:455)
at org.testng.SuiteRunner.runSequentially(SuiteRunner.java:450)
at org.testng.SuiteRunner.privateRun(SuiteRunner.java:415)
at org.testng.SuiteRunner.run(SuiteRunner.java:364)
at org.testng.SuiteRunnerWorker.runSuite(SuiteRunnerWorker.java:52)
at org.testng.SuiteRunnerWorker.run(SuiteRunnerWorker.java:84)
at org.testng.TestNG.runSuitesSequentially(TestNG.java:1208)
at org.testng.TestNG.runSuitesLocally(TestNG.java:1137)
at org.testng.TestNG.runSuites(TestNG.java:1049)
at org.testng.TestNG.run(TestNG.java:1017)
at org.testng.remote.AbstractRemoteTestNG.run(AbstractRemoteTestNG.java:114)
at org.testng.remote.RemoteTestNG.initAndRun(RemoteTestNG.java:251)
at org.testng.remote.RemoteTestNG.main(RemoteTestNG.java:77)
]]>
            </full-stacktrace>
          </exception> <!-- java.lang.AssertionError -->
          <reporter-output>
            <line>
              <![CDATA[Executing 'ohrmloginTest'....]]>
            </line>
            <line>
              <![CDATA['ohrmloginTest' is Skipped]]>
            </line>
          </reporter-output>
        </test-method> <!-- ohrmloginTest -->
        <test-method status="PASS" signature="postCondition(org.testng.ITestResult)[pri:0, instance:com.amazon.scripts.OHRMloginTest@f75083]" name="postCondition" is-config="true" duration-ms="837" started-at="2018-10-12T21:45:14Z" finished-at="2018-10-12T21:45:14Z">
          <params>
            <param index="0">
              <value>
                <![CDATA[[TestResult name=ohrmloginTest status=SKIP method=OHRMloginTest.ohrmloginTest()[pri:0, instance:com.amazon.scripts.OHRMloginTest@f75083] output=Executing 'ohrmloginTest'....]]]>
              </value>
            </param>
          </params>
          <reporter-output>
          </reporter-output>
        </test-method> <!-- postCondition -->
        <test-method status="PASS" signature="preCondition(java.lang.reflect.Method, org.testng.xml.XmlTest)[pri:0, instance:com.amazon.scripts.OHRMloginTest@f75083]" name="preCondition" is-config="true" duration-ms="6220" started-at="2018-10-12T21:45:14Z" finished-at="2018-10-12T21:45:21Z">
          <params>
            <param index="0">
              <value>
                <![CDATA[public void com.amazon.scripts.OHRMloginTest.ohrmloginTest()]]>
              </value>
            </param>
            <param index="1">
              <value>
                <![CDATA[org.testng.xml.XmlTest@28f90a71]]>
              </value>
            </param>
          </params>
          <reporter-output>
          </reporter-output>
        </test-method> <!-- preCondition -->
        <test-method status="SKIP" signature="ohrmloginTest()[pri:0, instance:com.amazon.scripts.OHRMloginTest@f75083]" name="ohrmloginTest" duration-ms="9628" started-at="2018-10-12T21:45:21Z" finished-at="2018-10-12T21:45:30Z">
          <exception class="java.lang.AssertionError">
            <message>
              <![CDATA[null]]>
            </message>
            <full-stacktrace>
              <![CDATA[java.lang.AssertionError: null
at org.testng.Assert.fail(Assert.java:96)
at org.testng.Assert.fail(Assert.java:103)
at com.amazon.scripts.OHRMloginTest.ohrmloginTest(OHRMloginTest.java:25)
at sun.reflect.NativeMethodAccessorImpl.invoke0(Native Method)
at sun.reflect.NativeMethodAccessorImpl.invoke(NativeMethodAccessorImpl.java:62)
at sun.reflect.DelegatingMethodAccessorImpl.invoke(DelegatingMethodAccessorImpl.java:43)
at java.lang.reflect.Method.invoke(Method.java:498)
at org.testng.internal.MethodInvocationHelper.invokeMethod(MethodInvocationHelper.java:124)
at org.testng.internal.Invoker.invokeMethod(Invoker.java:583)
at org.testng.internal.Invoker.retryFailed(Invoker.java:839)
at org.testng.internal.Invoker.invokeTestMethods(Invoker.java:1010)
at org.testng.internal.TestMethodWorker.invokeTestMethods(TestMethodWorker.java:125)
at org.testng.internal.TestMethodWorker.run(TestMethodWorker.java:109)
at org.testng.TestRunner.privateRun(TestRunner.java:648)
at org.testng.TestRunner.run(TestRunner.java:505)
at org.testng.SuiteRunner.runTest(SuiteRunner.java:455)
at org.testng.SuiteRunner.runSequentially(SuiteRunner.java:450)
at org.testng.SuiteRunner.privateRun(SuiteRunner.java:415)
at org.testng.SuiteRunner.run(SuiteRunner.java:364)
at org.testng.SuiteRunnerWorker.runSuite(SuiteRunnerWorker.java:52)
at org.testng.SuiteRunnerWorker.run(SuiteRunnerWorker.java:84)
at org.testng.TestNG.runSuitesSequentially(TestNG.java:1208)
at org.testng.TestNG.runSuitesLocally(TestNG.java:1137)
at org.testng.TestNG.runSuites(TestNG.java:1049)
at org.testng.TestNG.run(TestNG.java:1017)
at org.testng.remote.AbstractRemoteTestNG.run(AbstractRemoteTestNG.java:114)
at org.testng.remote.RemoteTestNG.initAndRun(RemoteTestNG.java:251)
at org.testng.remote.RemoteTestNG.main(RemoteTestNG.java:77)
]]>
            </full-stacktrace>
          </exception> <!-- java.lang.AssertionError -->
          <reporter-output>
            <line>
              <![CDATA[Executing 'ohrmloginTest'....]]>
            </line>
            <line>
              <![CDATA['ohrmloginTest' is Skipped]]>
            </line>
          </reporter-output>
        </test-method> <!-- ohrmloginTest -->
        <test-method status="PASS" signature="postCondition(org.testng.ITestResult)[pri:0, instance:com.amazon.scripts.OHRMloginTest@f75083]" name="postCondition" is-config="true" duration-ms="670" started-at="2018-10-12T21:45:30Z" finished-at="2018-10-12T21:45:31Z">
          <params>
            <param index="0">
              <value>
                <![CDATA[[TestResult name=ohrmloginTest status=SKIP method=OHRMloginTest.ohrmloginTest()[pri:0, instance:com.amazon.scripts.OHRMloginTest@f75083] output=Executing 'ohrmloginTest'....]]]>
              </value>
            </param>
          </params>
          <reporter-output>
          </reporter-output>
        </test-method> <!-- postCondition -->
        <test-method status="PASS" signature="preCondition(java.lang.reflect.Method, org.testng.xml.XmlTest)[pri:0, instance:com.amazon.scripts.OHRMloginTest@f75083]" name="preCondition" is-config="true" duration-ms="6134" started-at="2018-10-12T21:45:31Z" finished-at="2018-10-12T21:45:37Z">
          <params>
            <param index="0">
              <value>
                <![CDATA[public void com.amazon.scripts.OHRMloginTest.ohrmloginTest()]]>
              </value>
            </param>
            <param index="1">
              <value>
                <![CDATA[org.testng.xml.XmlTest@28f90a71]]>
              </value>
            </param>
          </params>
          <reporter-output>
          </reporter-output>
        </test-method> <!-- preCondition -->
        <test-method status="SKIP" signature="ohrmloginTest()[pri:0, instance:com.amazon.scripts.OHRMloginTest@f75083]" name="ohrmloginTest" duration-ms="9294" started-at="2018-10-12T21:45:37Z" finished-at="2018-10-12T21:45:46Z">
          <exception class="java.lang.AssertionError">
            <message>
              <![CDATA[null]]>
            </message>
            <full-stacktrace>
              <![CDATA[java.lang.AssertionError: null
at org.testng.Assert.fail(Assert.java:96)
at org.testng.Assert.fail(Assert.java:103)
at com.amazon.scripts.OHRMloginTest.ohrmloginTest(OHRMloginTest.java:25)
at sun.reflect.NativeMethodAccessorImpl.invoke0(Native Method)
at sun.reflect.NativeMethodAccessorImpl.invoke(NativeMethodAccessorImpl.java:62)
at sun.reflect.DelegatingMethodAccessorImpl.invoke(DelegatingMethodAccessorImpl.java:43)
at java.lang.reflect.Method.invoke(Method.java:498)
at org.testng.internal.MethodInvocationHelper.invokeMethod(MethodInvocationHelper.java:124)
at org.testng.internal.Invoker.invokeMethod(Invoker.java:583)
at org.testng.internal.Invoker.retryFailed(Invoker.java:839)
at org.testng.internal.Invoker.invokeTestMethods(Invoker.java:1010)
at org.testng.internal.TestMethodWorker.invokeTestMethods(TestMethodWorker.java:125)
at org.testng.internal.TestMethodWorker.run(TestMethodWorker.java:109)
at org.testng.TestRunner.privateRun(TestRunner.java:648)
at org.testng.TestRunner.run(TestRunner.java:505)
at org.testng.SuiteRunner.runTest(SuiteRunner.java:455)
at org.testng.SuiteRunner.runSequentially(SuiteRunner.java:450)
at org.testng.SuiteRunner.privateRun(SuiteRunner.java:415)
at org.testng.SuiteRunner.run(SuiteRunner.java:364)
at org.testng.SuiteRunnerWorker.runSuite(SuiteRunnerWorker.java:52)
at org.testng.SuiteRunnerWorker.run(SuiteRunnerWorker.java:84)
at org.testng.TestNG.runSuitesSequentially(TestNG.java:1208)
at org.testng.TestNG.runSuitesLocally(TestNG.java:1137)
at org.testng.TestNG.runSuites(TestNG.java:1049)
at org.testng.TestNG.run(TestNG.java:1017)
at org.testng.remote.AbstractRemoteTestNG.run(AbstractRemoteTestNG.java:114)
at org.testng.remote.RemoteTestNG.initAndRun(RemoteTestNG.java:251)
at org.testng.remote.RemoteTestNG.main(RemoteTestNG.java:77)
]]>
            </full-stacktrace>
          </exception> <!-- java.lang.AssertionError -->
          <reporter-output>
            <line>
              <![CDATA[Executing 'ohrmloginTest'....]]>
            </line>
            <line>
              <![CDATA['ohrmloginTest' is Skipped]]>
            </line>
          </reporter-output>
        </test-method> <!-- ohrmloginTest -->
        <test-method status="PASS" signature="postCondition(org.testng.ITestResult)[pri:0, instance:com.amazon.scripts.OHRMloginTest@f75083]" name="postCondition" is-config="true" duration-ms="668" started-at="2018-10-12T21:45:46Z" finished-at="2018-10-12T21:45:47Z">
          <params>
            <param index="0">
              <value>
                <![CDATA[[TestResult name=ohrmloginTest status=SKIP method=OHRMloginTest.ohrmloginTest()[pri:0, instance:com.amazon.scripts.OHRMloginTest@f75083] output=Executing 'ohrmloginTest'....]]]>
              </value>
            </param>
          </params>
          <reporter-output>
          </reporter-output>
        </test-method> <!-- postCondition -->
        <test-method status="PASS" signature="preCondition(java.lang.reflect.Method, org.testng.xml.XmlTest)[pri:0, instance:com.amazon.scripts.OHRMloginTest@f75083]" name="preCondition" is-config="true" duration-ms="6348" started-at="2018-10-12T21:45:47Z" finished-at="2018-10-12T21:45:53Z">
          <params>
            <param index="0">
              <value>
                <![CDATA[public void com.amazon.scripts.OHRMloginTest.ohrmloginTest()]]>
              </value>
            </param>
            <param index="1">
              <value>
                <![CDATA[org.testng.xml.XmlTest@28f90a71]]>
              </value>
            </param>
          </params>
          <reporter-output>
          </reporter-output>
        </test-method> <!-- preCondition -->
        <test-method status="FAIL" signature="ohrmloginTest()[pri:0, instance:com.amazon.scripts.OHRMloginTest@f75083]" name="ohrmloginTest" duration-ms="9514" started-at="2018-10-12T21:45:53Z" finished-at="2018-10-12T21:46:03Z">
          <exception class="java.lang.AssertionError">
            <message>
              <![CDATA[null]]>
            </message>
            <full-stacktrace>
              <![CDATA[java.lang.AssertionError: null
at org.testng.Assert.fail(Assert.java:96)
at org.testng.Assert.fail(Assert.java:103)
at com.amazon.scripts.OHRMloginTest.ohrmloginTest(OHRMloginTest.java:25)
at sun.reflect.NativeMethodAccessorImpl.invoke0(Native Method)
at sun.reflect.NativeMethodAccessorImpl.invoke(NativeMethodAccessorImpl.java:62)
at sun.reflect.DelegatingMethodAccessorImpl.invoke(DelegatingMethodAccessorImpl.java:43)
at java.lang.reflect.Method.invoke(Method.java:498)
at org.testng.internal.MethodInvocationHelper.invokeMethod(MethodInvocationHelper.java:124)
at org.testng.internal.Invoker.invokeMethod(Invoker.java:583)
at org.testng.internal.Invoker.retryFailed(Invoker.java:839)
at org.testng.internal.Invoker.invokeTestMethods(Invoker.java:1010)
at org.testng.internal.TestMethodWorker.invokeTestMethods(TestMethodWorker.java:125)
at org.testng.internal.TestMethodWorker.run(TestMethodWorker.java:109)
at org.testng.TestRunner.privateRun(TestRunner.java:648)
at org.testng.TestRunner.run(TestRunner.java:505)
at org.testng.SuiteRunner.runTest(SuiteRunner.java:455)
at org.testng.SuiteRunner.runSequentially(SuiteRunner.java:450)
at org.testng.SuiteRunner.privateRun(SuiteRunner.java:415)
at org.testng.SuiteRunner.run(SuiteRunner.java:364)
at org.testng.SuiteRunnerWorker.runSuite(SuiteRunnerWorker.java:52)
at org.testng.SuiteRunnerWorker.run(SuiteRunnerWorker.java:84)
at org.testng.TestNG.runSuitesSequentially(TestNG.java:1208)
at org.testng.TestNG.runSuitesLocally(TestNG.java:1137)
at org.testng.TestNG.runSuites(TestNG.java:1049)
at org.testng.TestNG.run(TestNG.java:1017)
at org.testng.remote.AbstractRemoteTestNG.run(AbstractRemoteTestNG.java:114)
at org.testng.remote.RemoteTestNG.initAndRun(RemoteTestNG.java:251)
at org.testng.remote.RemoteTestNG.main(RemoteTestNG.java:77)
]]>
            </full-stacktrace>
          </exception> <!-- java.lang.AssertionError -->
          <reporter-output>
            <line>
              <![CDATA[Executing 'ohrmloginTest'....]]>
            </line>
            <line>
              <![CDATA['ohrmloginTest' is Failed]]>
            </line>
          </reporter-output>
        </test-method> <!-- ohrmloginTest -->
        <test-method status="PASS" signature="postCondition(org.testng.ITestResult)[pri:0, instance:com.amazon.scripts.OHRMloginTest@f75083]" name="postCondition" is-config="true" duration-ms="1532" started-at="2018-10-12T21:46:03Z" finished-at="2018-10-12T21:46:04Z">
          <params>
            <param index="0">
              <value>
                <![CDATA[[TestResult name=ohrmloginTest status=FAILURE method=OHRMloginTest.ohrmloginTest()[pri:0, instance:com.amazon.scripts.OHRMloginTest@f75083] output=Executing 'ohrmloginTest'....]]]>
              </value>
            </param>
          </params>
          <reporter-output>
          </reporter-output>
        </test-method> <!-- postCondition -->
        <test-method status="PASS" signature="tearDown()[pri:0, instance:com.amazon.scripts.OHRMloginTest@f75083]" name="tearDown" is-config="true" duration-ms="1271" started-at="2018-10-12T21:46:05Z" finished-at="2018-10-12T21:46:06Z">
          <reporter-output>
          </reporter-output>
        </test-method> <!-- tearDown -->
      </class> <!-- com.amazon.scripts.OHRMloginTest -->
    </test> <!-- Test -->
  </suite> <!-- Suite -->
</testng-results>
